

<!DOCTYPE html>
<html>
<head>
<meta charset="UTF-8">
<meta name="viewport" content="width=device-width, initial-scale=1, shrink-to-fit=no">
<title>Spark Extent</title>
<link rel="apple-touch-icon" href="https://cdn.jsdelivr.net/gh/extent-framework/extent-github-cdn@b00a2d0486596e73dd7326beacf352c639623a0e/commons/img/logo.png">
<link rel="shortcut icon" href="https://cdn.jsdelivr.net/gh/extent-framework/extent-github-cdn@b00a2d0486596e73dd7326beacf352c639623a0e/commons/img/logo.png">
<link href="https://cdn.jsdelivr.net/gh/extent-framework/extent-github-cdn@d6562a79075e061305ccfdb82f01e5e195e2d307/spark/css/spark-style.css" rel="stylesheet" />
<link href="https://stackpath.bootstrapcdn.com/font-awesome/4.7.0/css/font-awesome.min.css" rel="stylesheet">
<script src="https://cdn.jsdelivr.net/gh/extent-framework/extent-github-cdn@7cc78ce/spark/js/jsontree.js"></script>
<style type="text/css"></style></head><body class="spa bdd-report ">
  <div class="app">
    <div class="layout">
<div class="header navbar">
<div class="vheader">
<div class="nav-logo">
<a href="#">
<div class="logo" style="background-image: url('https://cdn.jsdelivr.net/gh/extent-framework/extent-github-cdn@b00a2d0486596e73dd7326beacf352c639623a0e/commons/img/logo.png')"></div>
</a>
</div>
<ul class="nav-left">
<li class="search-box">
<a class="search-toggle" href="#">
<i class="search-icon fa fa-search"></i>
<i class="search-icon-close fa fa-close"></i>
</a>
</li>
<li class="search-input"><input id="search-tests" class="form-control" type="text" placeholder="Search..."></li>
</ul>
<ul class="nav-right">
<li class="m-r-10">
<a href="#"><span class="badge badge-primary">Automation Report</span></a>
</li>
<li class="m-r-10">
<a href="#"><span class="badge badge-primary">mars 5, 2024 10:48:44 PM</span></a>
</li>
</ul>
</div>
</div><div class="side-nav">
<div class="side-nav-inner">
<ul class="side-nav-menu">
<li class="nav-item dropdown" onclick="toggleView('dashboard-view')">
<a id="nav-dashboard" class="dropdown-toggle" href="#">
<span class="ico"><i class="fa fa-bar-chart"></i></span>
</a>
</li>
<li class="nav-item dropdown" onclick="toggleView('test-view')">
<a id="nav-test" class="dropdown-toggle" href="#">
<span class="ico"><i class="fa fa-list"></i></span>
</a>
</li>
<li class="nav-item dropdown" onclick="toggleView('category-view')">
<a id="nav-category" class="dropdown-toggle" href="#">
<span class="ico"><i class="fa fa-tag"></i></span>
</a>
</li>
<li class="nav-item dropdown" onclick="toggleView('exception-view')">
<a id="nav-exception" class="dropdown-toggle" href="#">
<span class="ico"><i class="fa fa-bug"></i></span>
</a>
</li>
</ul>
</div>
</div>      <div class="vcontainer">
        <div class="main-content">
<div class="container-fluid p-4 view dashboard-view">
<div class="row">
<div class="col-md-3">
<div class="card"><div class="card-body">
<p class="m-b-0">Started</p>
<h3>mars 5, 2024 10:48:44 PM</h3>
</div></div>
</div>
<div class="col-md-3">
<div class="card"><div class="card-body">
<p class="m-b-0">Ended</p>
<h3>mars 5, 2024 10:59:25 PM</h3>
</div></div>
</div>
<div class="col-md-3">
<div class="card"><div class="card-body">
<p class="m-b-0 text-pass">Features Passed</p>
<h3>0</h3>
</div></div>
</div>
<div class="col-md-3">
<div class="card"><div class="card-body">
<p class="m-b-0 text-fail">Features Failed</p>
<h3>2</h3>
</div></div>
</div>
</div>
<div class="row">
<div class="col-md-4">
<div class="card">
<div class="card-header">
<h6 class="card-title">Features</h6>
</div>
<div class="card-body">
<div class="">
<canvas id='parent-analysis' width='115' height='90'></canvas>
</div>
</div>
<div class="card-footer">
<div><small data-tooltip='0%'>
<b>0</b> features passed
</small>
</div>
<div>
<small data-tooltip='100%'><b>2</b> features failed,
<b>0</b> skipped, <b data-tooltip='0%'>0</b> others
</small>
</div>
</div>
</div>
</div>
<div class="col-md-4">
<div class="card">
<div class="card-header">
<h6 class="card-title">Scenarios</h6>
</div>
<div class="card-body">
<div class="">
<canvas id='child-analysis' width='115' height='90'></canvas>
</div>
</div>
<div class="card-footer">
<div><small data-tooltip='25%'><b>1</b> scenarios passed</small></div>
<div>
<small data-tooltip='75%'><b>3</b> scenarios failed,
<b>0</b> skipped, <b data-tooltip='%'>0</b> others
</small>
</div>
</div>
</div>
</div>
<div class="col-md-4">
<div class="card">
<div class="card-header">
<h6 class="card-title">Steps</h6>
</div>
<div class="card-body">
<div class="">
<canvas id='grandchild-analysis' width='115' height='90'></canvas>
</div>
</div>
<div class="card-footer">
<div><small data-tooltip='48%'><b>23</b> steps passed</small></div>
<div>
<small data-tooltip='10%'><b>5</b> steps failed,
<b>19</b> skipped, <b data-tooltip='%'>0</b> others
</small>
</div>
</div>
</div>
</div>
</div>
<div class="row"><div class="col-md-12">
<div class="card"><div class="card-header"><p>Timeline</p></div>
<div class="card-body pt-0"><div>
<canvas id="timeline" height="120"></canvas>
</div></div>
</div>
</div></div>
<script>
var timeline = {
"Login User":33.783,"Register User":606.13
};
</script>
<div class="row">
<div class="col-lg-6 col-md-12 category-container">
<div class="card">
<div class="card-header"><p>Tags</p></div>
<div class="card-body pb-0 pt-0"><table class="table table-sm table-bordered">
<thead><tr class="bg-gray"><th>Name</th><th>Passed</th><th>Failed</th><th>Skipped</th><th>Others</th><th>Passed %</th></tr></thead><tbody>
<tr>
<td>@validlogin</td>
<td>0</td>
<td>1</td>
<td>0</td>
<td>0</td>
<td>0%</td>
</tr>
<tr>
<td>@validregister</td>
<td>0</td>
<td>1</td>
<td>0</td>
<td>0</td>
<td>0%</td>
</tr>
<tr>
<td>@invalidregister</td>
<td>0</td>
<td>1</td>
<td>0</td>
<td>0</td>
<td>0%</td>
</tr>
<tr>
<td>@invalidlogin</td>
<td>1</td>
<td>0</td>
<td>0</td>
<td>0</td>
<td>100%</td>
</tr>
<tr>
<td>@regression</td>
<td>0</td>
<td>2</td>
<td>0</td>
<td>0</td>
<td>0%</td>
</tr>
<tr>
<td>@smoke</td>
<td>1</td>
<td>1</td>
<td>0</td>
<td>0</td>
<td>50%</td>
</tr>
</tbody>
</table></div>
</div>
</div>
<div class="col-lg-6 col-md-12 sysenv-container">
<div class="card">
<div class="card-header"><p>System/Environment</p></div>
<div class="card-body pb-0 pt-0"><table class="table table-sm table-bordered">
<thead><tr class="bg-gray"><th>Name</th><th>Value</th></tr></thead>
<tbody>
<tr>
<td>browser</td>
<td>chrome</td>
</tr>
<tr>
<td>project</td>
<td>ProjectWithFrameworkSeleniumBDD</td>
</tr>
<tr>
<td>OS</td>
<td>windows10</td>
</tr>
</tbody>
</table></div>
</div>
</div>
</div>
</div>
<script>
var statusGroup = {
parentCount: 5,
passParent: 0,
failParent: 2,
warningParent: 0,
skipParent: 0,
childCount: 5,
passChild: 1,
failChild: 3,
warningChild: 0,
skipChild: 0,
infoChild: 0,
grandChildCount: 5,
passGrandChild: 23,
failGrandChild: 5,
warningGrandChild: 0,
skipGrandChild: 19,
infoGrandChild: 0,
eventsCount: 5,
};
</script><div class="test-wrapper row view test-view">
  <div class="test-list">
    <div class="test-list-tools">
<ul class="tools pull-left">
<li><a href="#"><span class="font-size-14">Tests</span></a></li>
</ul>
<ul class="tools text-right">
<li class="dropdown">
<a href="#" class="dropdown-toggle" data-toggle="dropdown"><i class="fa fa-exclamation-circle"></i></a>
<ul id="status-toggle" class="dropdown-menu dropdown-md p-v-0">
<a class="dropdown-item" status="fail" href="#"><span>Fail</span><span class="status danger"></span></a>
<div class="dropdown-divider"></div>
<a status="clear" class="dropdown-item" href="#"><span>Clear</span><span class="pull-right"><i class="fa fa-close"></i></span></a>
</ul>
</li>
<li class="dropdown">
<a href="#" class="dropdown-toggle" data-toggle="dropdown"><i class="fa fa-tag"></i></a>
<ul id="tag-toggle" class="dropdown-menu dropdown-md p-v-0">
<a class="dropdown-item" href="#">@validlogin</a><a class="dropdown-item" href="#">@validregister</a><a class="dropdown-item" href="#">@invalidregister</a><a class="dropdown-item" href="#">@invalidlogin</a><a class="dropdown-item" href="#">@regression</a><a class="dropdown-item" href="#">@smoke</a>
</ul>
</li>
</ul>
</div>    <div class="test-list-wrapper scrollable">
      <ul class="test-list-item">
        <li class="test-item"  status="fail" test-id="1"
          author=""
          tag=""
          device="">
          <div class="test-detail">
            <p class="name">Login User</p>
            <p class="text-sm">
              <span>22:48:45</span> / <span>00:00:33:783</span>
              <span class="badge fail-bg log float-right">Fail</span>
            </p>
          </div>
          <div class="test-contents d-none">
<div class="detail-head">
<div class="p-v-10">
<div class="info">
<h5 class="test-status text-fail">Login User</h5>
<span class='badge badge-success'>03.05.2024 22:48:45</span>
<span class='badge badge-danger'>03.05.2024 22:49:19</span>
<span class='badge badge-default'>00:00:33:783</span>
&middot; <span class='uri-anchor badge badge-default'>#test-id=1</span>
<span class='badge badge-default pointer float-right ml-1 et'><i class="fa fa-chevron-down"></i></span>
<span class='badge badge-default pointer float-right ct'><i class="fa fa-chevron-up"></i></span>
</div>
<div class="m-t-10 m-l-5"> I want to login</div>
</div>
</div>
<div class="accordion mt-4">
  <div class="card">
    <div class="card-header" role="tab">
      <div class="card-title">
        <div class="node" id="2"><span class="badge log fail-bg mr-2">Fail</span>[TC1] Login user with correct email and password</div>
          <div class="status-avatar float-right mr-4">
            <i class="fa fa-paperclip"></i>
          </div>
      </div>
    </div>
        <div class="">
          <div class="card-body">
              <div class="step pass-bg" title="tn.hadda.automationexercise.e2etest.automation.registeruser.RegistrationStepDefinition.iNavigateToHomePageForAutomationExercise()">
                <span>Given I navigate to home page for Automation Exercise</span>
      <div>
      </div>
              </div>
              <div class="step pass-bg" title="tn.hadda.automationexercise.e2etest.automation.registeruser.RegistrationStepDefinition.iVerifyThatHomePageIsVisibleSuccessfully()">
                <span>And I verify that home page is visible successfully</span>
      <div>
      </div>
              </div>
              <div class="step pass-bg" title="tn.hadda.automationexercise.e2etest.automation.registeruser.RegistrationStepDefinition.iClickOnSignupLoginButton()">
                <span>And I click on Signup / Login button</span>
      <div>
      </div>
              </div>
              <div class="step pass-bg" title="tn.hadda.automationexercise.e2etest.automation.loginuser.LoginStepDefinition.iVerifyMeassageOfLoginIsVisible(java.lang.String)">
                <span>And I Verify meassage of login 'Login to your account' is visible</span>
      <div>
      </div>
              </div>
              <div class="step pass-bg" title="tn.hadda.automationexercise.e2etest.automation.loginuser.LoginStepDefinition.iEnterCorrectEmailAddress(java.lang.String)">
                <span>When I enter correct email address "bouchagraouihadda5@gmail.com"</span>
      <div>
      </div>
              </div>
              <div class="step pass-bg" title="tn.hadda.automationexercise.e2etest.automation.loginuser.LoginStepDefinition.iEnterTheValidPassword(java.lang.String)">
                <span>And I enter the valid password "rima2024"</span>
      <div>
      </div>
              </div>
              <div class="step pass-bg" title="tn.hadda.automationexercise.e2etest.automation.loginuser.LoginStepDefinition.iClickLoginButton()">
                <span>And I click login button</span>
      <div>
      </div>
              </div>
              <div class="step pass-bg" title="tn.hadda.automationexercise.e2etest.automation.loginuser.LoginStepDefinition.iClickDeleteAccountButton()">
                <span>When I click Delete Account button</span>
      <div>
      </div>
              </div>
              <div class="step fail-bg" title="tn.hadda.automationexercise.e2etest.automation.loginuser.LoginStepDefinition.iVerifyThatTheMessageOfDeleteIsVisible(java.lang.String)">
                <span>Then I verify that the message of delete 'ACCOUNT DELETED!' is visible</span>
      <div>
        <textarea disabled class="code-block">org.openqa.selenium.TimeoutException: Expected condition failed: waiting for visibility of element located by By.xpath: //b[contains(text(),'Account Deleted!')] (tried for 5 second(s) with 500 milliseconds interval)
	at org.openqa.selenium.support.ui.WebDriverWait.timeoutException(WebDriverWait.java:95)
	at org.openqa.selenium.support.ui.FluentWait.until(FluentWait.java:272)
	at tn.hadda.automationexercise.e2etest.automation.utils.WaitMethods.explicitWaitUntilVisibilityOfWEXpath(WaitMethods.java:36)
	at tn.hadda.automationexercise.e2etest.automation.loginuser.LoginPage.getDeleteAccountText(LoginPage.java:68)
	at tn.hadda.automationexercise.e2etest.automation.loginuser.LoginStepDefinition.iVerifyThatTheMessageOfDeleteIsVisible(LoginStepDefinition.java:57)
	at ✽.I verify that the message of delete 'ACCOUNT DELETED!' is visible(file:///C:/Users/zaine/git/AUTOMATION_EXERCISE_SELENIUM-BDD/src/specs/features/login/login.feature:18)
Caused by: org.openqa.selenium.NoSuchElementException: no such element: Unable to locate element: {"method":"xpath","selector":"//b[contains(text(),'Account Deleted!')]"}
  (Session info: chrome=122.0.6261.95)
For documentation on this error, please visit: http://seleniumhq.org/exceptions/no_such_element.html
Build info: version: '3.141.0', revision: '2ecb7d9a', time: '2018-10-31T20:09:30'
System info: host: 'ZEINEB', ip: '192.168.1.18', os.name: 'Windows 11', os.arch: 'amd64', os.version: '10.0', java.version: '17.0.5'
Driver info: org.openqa.selenium.chrome.ChromeDriver
Capabilities {acceptInsecureCerts: true, browserName: chrome, browserVersion: 122.0.6261.95, chrome: {chromedriverVersion: 121.0.6167.85 (3f98d690ad7e..., userDataDir: C:\Users\zaine\AppData\Loca...}, fedcm:accounts: true, goog:chromeOptions: {debuggerAddress: localhost:57745}, javascriptEnabled: true, networkConnectionEnabled: false, pageLoadStrategy: normal, platform: WINDOWS, platformName: WINDOWS, proxy: Proxy(), setWindowRect: true, strictFileInteractability: false, timeouts: {implicit: 0, pageLoad: 300000, script: 30000}, unhandledPromptBehavior: dismiss and notify, webauthn:extension:credBlob: true, webauthn:extension:largeBlob: true, webauthn:extension:minPinLength: true, webauthn:extension:prf: true, webauthn:virtualAuthenticators: true}
Session ID: 56fee2bb1cc2a790a3a4a1383ee38fc0
*** Element info: {Using=xpath, value=//b[contains(text(),'Account Deleted!')]}
	at java.base/jdk.internal.reflect.NativeConstructorAccessorImpl.newInstance0(Native Method)
	at java.base/jdk.internal.reflect.NativeConstructorAccessorImpl.newInstance(NativeConstructorAccessorImpl.java:77)
	at java.base/jdk.internal.reflect.DelegatingConstructorAccessorImpl.newInstance(DelegatingConstructorAccessorImpl.java:45)
	at java.base/java.lang.reflect.Constructor.newInstanceWithCaller(Constructor.java:499)
	at java.base/java.lang.reflect.Constructor.newInstance(Constructor.java:480)
	at org.openqa.selenium.remote.http.W3CHttpResponseCodec.createException(W3CHttpResponseCodec.java:187)
	at org.openqa.selenium.remote.http.W3CHttpResponseCodec.decode(W3CHttpResponseCodec.java:122)
	at org.openqa.selenium.remote.http.W3CHttpResponseCodec.decode(W3CHttpResponseCodec.java:49)
	at org.openqa.selenium.remote.HttpCommandExecutor.execute(HttpCommandExecutor.java:158)
	at org.openqa.selenium.remote.service.DriverCommandExecutor.execute(DriverCommandExecutor.java:83)
	at org.openqa.selenium.remote.RemoteWebDriver.execute(RemoteWebDriver.java:552)
	at org.openqa.selenium.remote.RemoteWebDriver.findElement(RemoteWebDriver.java:323)
	at org.openqa.selenium.remote.RemoteWebDriver.findElementByXPath(RemoteWebDriver.java:428)
	at org.openqa.selenium.By$ByXPath.findElement(By.java:353)
	at org.openqa.selenium.remote.RemoteWebDriver.findElement(RemoteWebDriver.java:315)
	at org.openqa.selenium.support.ui.ExpectedConditions$7.apply(ExpectedConditions.java:205)
	at org.openqa.selenium.support.ui.ExpectedConditions$7.apply(ExpectedConditions.java:201)
	at org.openqa.selenium.support.ui.FluentWait.until(FluentWait.java:249)
	at tn.hadda.automationexercise.e2etest.automation.utils.WaitMethods.explicitWaitUntilVisibilityOfWEXpath(WaitMethods.java:36)
	at tn.hadda.automationexercise.e2etest.automation.loginuser.LoginPage.getDeleteAccountText(LoginPage.java:68)
	at tn.hadda.automationexercise.e2etest.automation.loginuser.LoginStepDefinition.iVerifyThatTheMessageOfDeleteIsVisible(LoginStepDefinition.java:57)
	at java.base/jdk.internal.reflect.NativeMethodAccessorImpl.invoke0(Native Method)
	at java.base/jdk.internal.reflect.NativeMethodAccessorImpl.invoke(NativeMethodAccessorImpl.java:77)
	at java.base/jdk.internal.reflect.DelegatingMethodAccessorImpl.invoke(DelegatingMethodAccessorImpl.java:43)
	at java.base/java.lang.reflect.Method.invoke(Method.java:568)
	at io.cucumber.java.Invoker.doInvoke(Invoker.java:66)
	at io.cucumber.java.Invoker.invoke(Invoker.java:24)
	at io.cucumber.java.AbstractGlueDefinition.invokeMethod(AbstractGlueDefinition.java:47)
	at io.cucumber.java.JavaStepDefinition.execute(JavaStepDefinition.java:29)
	at io.cucumber.core.runner.CoreStepDefinition.execute(CoreStepDefinition.java:66)
	at io.cucumber.core.runner.PickleStepDefinitionMatch.runStep(PickleStepDefinitionMatch.java:63)
	at io.cucumber.core.runner.ExecutionMode$1.execute(ExecutionMode.java:10)
	at io.cucumber.core.runner.TestStep.executeStep(TestStep.java:86)
	at io.cucumber.core.runner.TestStep.run(TestStep.java:57)
	at io.cucumber.core.runner.PickleStepTestStep.run(PickleStepTestStep.java:51)
	at io.cucumber.core.runner.TestCase.run(TestCase.java:95)
	at io.cucumber.core.runner.Runner.runPickle(Runner.java:75)
	at io.cucumber.junit.PickleRunners$NoStepDescriptions.lambda$run$0(PickleRunners.java:151)
	at io.cucumber.core.runtime.CucumberExecutionContext.lambda$runTestCase$3(CucumberExecutionContext.java:151)
	at io.cucumber.core.runtime.RethrowingThrowableCollector.executeAndThrow(RethrowingThrowableCollector.java:23)
	at io.cucumber.core.runtime.CucumberExecutionContext.runTestCase(CucumberExecutionContext.java:151)
	at io.cucumber.junit.PickleRunners$NoStepDescriptions.run(PickleRunners.java:148)
	at io.cucumber.junit.FeatureRunner.runChild(FeatureRunner.java:144)
	at io.cucumber.junit.FeatureRunner.runChild(FeatureRunner.java:28)
	at org.junit.runners.ParentRunner$3.run(ParentRunner.java:238)
	at org.junit.runners.ParentRunner$1.schedule(ParentRunner.java:63)
	at org.junit.runners.ParentRunner.runChildren(ParentRunner.java:236)
	at org.junit.runners.ParentRunner.access$000(ParentRunner.java:53)
	at org.junit.runners.ParentRunner$2.evaluate(ParentRunner.java:229)
	at org.junit.runners.ParentRunner.run(ParentRunner.java:309)
	at io.cucumber.junit.FeatureRunner.run(FeatureRunner.java:137)
	at io.cucumber.junit.Cucumber.runChild(Cucumber.java:196)
	at io.cucumber.junit.Cucumber.runChild(Cucumber.java:89)
	at org.junit.runners.ParentRunner$3.run(ParentRunner.java:238)
	at org.junit.runners.ParentRunner$1.schedule(ParentRunner.java:63)
	at org.junit.runners.ParentRunner.runChildren(ParentRunner.java:236)
	at org.junit.runners.ParentRunner.access$000(ParentRunner.java:53)
	at org.junit.runners.ParentRunner$2.evaluate(ParentRunner.java:229)
	at io.cucumber.junit.Cucumber$RunBeforeAllHooks.evaluate(Cucumber.java:266)
	at io.cucumber.junit.Cucumber$RunAfterAllHooks.evaluate(Cucumber.java:281)
	at io.cucumber.junit.Cucumber$StartTestRun.evaluate(Cucumber.java:233)
	at io.cucumber.junit.Cucumber$FinishTestRun.evaluate(Cucumber.java:248)
	at org.junit.runners.ParentRunner.run(ParentRunner.java:309)
	at org.eclipse.jdt.internal.junit4.runner.JUnit4TestReference.run(JUnit4TestReference.java:93)
	at org.eclipse.jdt.internal.junit.runner.TestExecution.run(TestExecution.java:40)
	at org.eclipse.jdt.internal.junit.runner.RemoteTestRunner.runTests(RemoteTestRunner.java:529)
	at org.eclipse.jdt.internal.junit.runner.RemoteTestRunner.runTests(RemoteTestRunner.java:756)
	at org.eclipse.jdt.internal.junit.runner.RemoteTestRunner.run(RemoteTestRunner.java:452)
	at org.eclipse.jdt.internal.junit.runner.RemoteTestRunner.main(RemoteTestRunner.java:210)
</textarea>
      
      </div>
              </div>
              <div class="step pass-bg" title="AFTER">
                <span>tn.hadda.automationexercise.e2etest.automation.utils.Setup.embedScreenshot(io.cucumber.java.Scenario)</span>
      <div>[TC1] Login user with correct email and password
          <div class="row mb-3"><div class="col-md-3">
<img data-featherlight='../screenshots/embedded1.png' src="../screenshots/embedded1.png">
    
    </div></div>
</div>
      <div>
      </div>
              </div>
          </div>
        </div>
  </div>
  <div class="card">
    <div class="card-header" role="tab">
      <div class="card-title">
        <div class="node" id="14"><span class="badge log pass-bg mr-2">Pass</span>[TC2] Login user with incorrect email and password</div>
      </div>
    </div>
        <div class="collapse">
          <div class="card-body">
              <div class="step pass-bg" title="tn.hadda.automationexercise.e2etest.automation.registeruser.RegistrationStepDefinition.iNavigateToHomePageForAutomationExercise()">
                <span>Given I navigate to home page for Automation Exercise</span>
      <div>
      </div>
              </div>
              <div class="step pass-bg" title="tn.hadda.automationexercise.e2etest.automation.registeruser.RegistrationStepDefinition.iVerifyThatHomePageIsVisibleSuccessfully()">
                <span>And I verify that home page is visible successfully</span>
      <div>
      </div>
              </div>
              <div class="step pass-bg" title="tn.hadda.automationexercise.e2etest.automation.registeruser.RegistrationStepDefinition.iClickOnSignupLoginButton()">
                <span>And I click on Signup / Login button</span>
      <div>
      </div>
              </div>
              <div class="step pass-bg" title="tn.hadda.automationexercise.e2etest.automation.loginuser.LoginStepDefinition.iVerifyMeassageOfLoginIsVisible(java.lang.String)">
                <span>And I Verify meassage of login 'Login to your account' is visible</span>
      <div>
      </div>
              </div>
              <div class="step pass-bg" title="tn.hadda.automationexercise.e2etest.automation.loginuser.LoginStepDefinition.iEnterIncorrectEmailAddress(java.lang.String)">
                <span>When I enter incorrect email address "bouchagraouihadda@gmail.com"</span>
      <div>
      </div>
              </div>
              <div class="step pass-bg" title="tn.hadda.automationexercise.e2etest.automation.loginuser.LoginStepDefinition.iEnterTheInvalidPassword(java.lang.String)">
                <span>And I enter the invalid password "rima20242"</span>
      <div>
      </div>
              </div>
              <div class="step pass-bg" title="tn.hadda.automationexercise.e2etest.automation.loginuser.LoginStepDefinition.iClickLoginButton()">
                <span>And I click login button</span>
      <div>
      </div>
              </div>
              <div class="step pass-bg" title="tn.hadda.automationexercise.e2etest.automation.loginuser.LoginStepDefinition.iVerifyErrorMessageIsVisible(java.lang.String)">
                <span>Then I verify error message 'Your email or password is incorrect!' is visible</span>
      <div>
      </div>
              </div>
          </div>
        </div>
  </div>
</div>
          </div>
        </li>
        <li class="test-item"  status="fail" test-id="25"
          author=""
          tag=""
          device="">
          <div class="test-detail">
            <p class="name">Register User</p>
            <p class="text-sm">
              <span>22:49:19</span> / <span>00:10:06:130</span>
              <span class="badge fail-bg log float-right">Fail</span>
            </p>
          </div>
          <div class="test-contents d-none">
<div class="detail-head">
<div class="p-v-10">
<div class="info">
<h5 class="test-status text-fail">Register User</h5>
<span class='badge badge-success'>03.05.2024 22:49:19</span>
<span class='badge badge-danger'>03.05.2024 22:59:25</span>
<span class='badge badge-default'>00:10:06:130</span>
&middot; <span class='uri-anchor badge badge-default'>#test-id=25</span>
<span class='badge badge-default pointer float-right ml-1 et'><i class="fa fa-chevron-down"></i></span>
<span class='badge badge-default pointer float-right ct'><i class="fa fa-chevron-up"></i></span>
</div>
<div class="m-t-10 m-l-5"> I want to add a new user</div>
</div>
</div>
<div class="accordion mt-4">
  <div class="card">
    <div class="card-header" role="tab">
      <div class="card-title">
        <div class="node" id="26"><span class="badge log fail-bg mr-2">Fail</span>[TC1] Register user with valid contact details</div>
      </div>
    </div>
        <div class="">
          <div class="card-body">
              <div class="step pass-bg" title="tn.hadda.automationexercise.e2etest.automation.registeruser.RegistrationStepDefinition.iNavigateToHomePageForAutomationExercise()">
                <span>Given I navigate to home page for Automation Exercise</span>
      <div>
      </div>
              </div>
              <div class="step pass-bg" title="tn.hadda.automationexercise.e2etest.automation.registeruser.RegistrationStepDefinition.iVerifyThatHomePageIsVisibleSuccessfully()">
                <span>And I verify that home page is visible successfully</span>
      <div>
      </div>
              </div>
              <div class="step pass-bg" title="tn.hadda.automationexercise.e2etest.automation.registeruser.RegistrationStepDefinition.iClickOnSignupLoginButton()">
                <span>And I click on Signup / Login button</span>
      <div>
      </div>
              </div>
              <div class="step pass-bg" title="tn.hadda.automationexercise.e2etest.automation.registeruser.RegistrationStepDefinition.iVerifyIsVisible(java.lang.String)">
                <span>And I Verify 'New User Signup!' is visible</span>
      <div>
      </div>
              </div>
              <div class="step pass-bg" title="tn.hadda.automationexercise.e2etest.automation.registeruser.RegistrationStepDefinition.iEnterName(java.lang.String)">
                <span>When I enter name "Hadda"</span>
      <div>
      </div>
              </div>
              <div class="step pass-bg" title="tn.hadda.automationexercise.e2etest.automation.registeruser.RegistrationStepDefinition.iEnterEmailAddress(java.lang.String)">
                <span>And I enter email address "bouchagraouihadda5@gmail.com"</span>
      <div>
      </div>
              </div>
              <div class="step fail-bg" title="tn.hadda.automationexercise.e2etest.automation.registeruser.RegistrationStepDefinition.iClickSignupButton()">
                <span>And I click Signup button</span>
      <div>
        <textarea disabled class="code-block">org.openqa.selenium.WebDriverException: unknown error: cannot determine loading status
from disconnected: unable to send message to renderer
  (Session info: chrome=122.0.6261.95)
Build info: version: '3.141.0', revision: '2ecb7d9a', time: '2018-10-31T20:09:30'
System info: host: 'ZEINEB', ip: '192.168.1.18', os.name: 'Windows 11', os.arch: 'amd64', os.version: '10.0', java.version: '17.0.5'
Driver info: org.openqa.selenium.chrome.ChromeDriver
Capabilities {acceptInsecureCerts: true, browserName: chrome, browserVersion: 122.0.6261.95, chrome: {chromedriverVersion: 121.0.6167.85 (3f98d690ad7e..., userDataDir: C:\Users\zaine\AppData\Loca...}, fedcm:accounts: true, goog:chromeOptions: {debuggerAddress: localhost:57859}, javascriptEnabled: true, networkConnectionEnabled: false, pageLoadStrategy: normal, platform: WINDOWS, platformName: WINDOWS, proxy: Proxy(), setWindowRect: true, strictFileInteractability: false, timeouts: {implicit: 0, pageLoad: 300000, script: 30000}, unhandledPromptBehavior: dismiss and notify, webauthn:extension:credBlob: true, webauthn:extension:largeBlob: true, webauthn:extension:minPinLength: true, webauthn:extension:prf: true, webauthn:virtualAuthenticators: true}
Session ID: 2bb5941de359f8a8f132e719f6519b70
	at java.base/jdk.internal.reflect.NativeConstructorAccessorImpl.newInstance0(Native Method)
	at java.base/jdk.internal.reflect.NativeConstructorAccessorImpl.newInstance(NativeConstructorAccessorImpl.java:77)
	at java.base/jdk.internal.reflect.DelegatingConstructorAccessorImpl.newInstance(DelegatingConstructorAccessorImpl.java:45)
	at java.base/java.lang.reflect.Constructor.newInstanceWithCaller(Constructor.java:499)
	at java.base/java.lang.reflect.Constructor.newInstance(Constructor.java:480)
	at org.openqa.selenium.remote.http.W3CHttpResponseCodec.createException(W3CHttpResponseCodec.java:187)
	at org.openqa.selenium.remote.http.W3CHttpResponseCodec.decode(W3CHttpResponseCodec.java:122)
	at org.openqa.selenium.remote.http.W3CHttpResponseCodec.decode(W3CHttpResponseCodec.java:49)
	at org.openqa.selenium.remote.HttpCommandExecutor.execute(HttpCommandExecutor.java:158)
	at org.openqa.selenium.remote.service.DriverCommandExecutor.execute(DriverCommandExecutor.java:83)
	at org.openqa.selenium.remote.RemoteWebDriver.execute(RemoteWebDriver.java:552)
	at org.openqa.selenium.remote.RemoteWebElement.execute(RemoteWebElement.java:285)
	at org.openqa.selenium.remote.RemoteWebElement.click(RemoteWebElement.java:84)
	at java.base/jdk.internal.reflect.NativeMethodAccessorImpl.invoke0(Native Method)
	at java.base/jdk.internal.reflect.NativeMethodAccessorImpl.invoke(NativeMethodAccessorImpl.java:77)
	at java.base/jdk.internal.reflect.DelegatingMethodAccessorImpl.invoke(DelegatingMethodAccessorImpl.java:43)
	at java.base/java.lang.reflect.Method.invoke(Method.java:568)
	at org.openqa.selenium.support.pagefactory.internal.LocatingElementHandler.invoke(LocatingElementHandler.java:51)
	at jdk.proxy2/jdk.proxy2.$Proxy21.click(Unknown Source)
	at tn.hadda.automationexercise.e2etest.automation.registeruser.RegistrationPage.clickSignupButton(RegistrationPage.java:163)
	at tn.hadda.automationexercise.e2etest.automation.registeruser.RegistrationStepDefinition.iClickSignupButton(RegistrationStepDefinition.java:70)
	at ✽.I click Signup button(file:///C:/Users/zaine/git/AUTOMATION_EXERCISE_SELENIUM-BDD/src/specs/features/register/registration.feature:15)
</textarea>
      
      </div>
              </div>
              <div class="step skip-bg" title="tn.hadda.automationexercise.e2etest.automation.registeruser.RegistrationStepDefinition.iVerifyThatIsVisible(java.lang.String)">
                <span>And I verify that 'ENTER ACCOUNT INFORMATION' is visible</span>
      <div>Step skipped
      </div>
              </div>
              <div class="step skip-bg" title="tn.hadda.automationexercise.e2etest.automation.registeruser.RegistrationStepDefinition.iCheckTheTitle(java.lang.String)">
                <span>And I check the title "Mrs"</span>
      <div>Step skipped
      </div>
              </div>
              <div class="step skip-bg" title="tn.hadda.automationexercise.e2etest.automation.registeruser.RegistrationStepDefinition.iFillThePassword(java.lang.String)">
                <span>And I fill the password "rima2024"</span>
      <div>Step skipped
      </div>
              </div>
              <div class="step skip-bg" title="tn.hadda.automationexercise.e2etest.automation.registeruser.RegistrationStepDefinition.iSelectDateOfBirth(java.lang.String)">
                <span>And I select Date of birth " 17 09 1995 "</span>
      <div>Step skipped
      </div>
              </div>
              <div class="step skip-bg" title="tn.hadda.automationexercise.e2etest.automation.registeruser.RegistrationStepDefinition.iSelectCheckbox(java.lang.String)">
                <span>And I select checkbox 'Sign up for our newsletter!'</span>
      <div>Step skipped
      </div>
              </div>
              <div class="step skip-bg" title="tn.hadda.automationexercise.e2etest.automation.registeruser.RegistrationStepDefinition.iSelectTheSecondCheckbox(java.lang.String)">
                <span>And I select the second checkbox 'Receive special offers from our partners!'</span>
      <div>Step skipped
      </div>
              </div>
              <div class="step skip-bg" title="tn.hadda.automationexercise.e2etest.automation.registeruser.RegistrationStepDefinition.iEnterDetailsWithTheirValues(io.cucumber.datatable.DataTable)">
                <span>And I enter details with their values</span>
      <div><table class='markup-table table '><tr><td>Fields</td><td>values</td></tr><tr><td>First name</td><td>Hadda</td></tr><tr><td>Last name</td><td>Bouchagraoui</td></tr><tr><td>Company</td><td>nebrass</td></tr><tr><td>Address</td><td>Ariana</td></tr><tr><td>Address 2</td><td>Ariana2</td></tr><tr><td>Country</td><td>Canada</td></tr><tr><td>State</td><td>Etudiant</td></tr><tr><td>City</td><td>Montreal</td></tr><tr><td>Zipcode</td><td>1234</td></tr><tr><td>Mobile Number</td><td>22172757</td></tr></table>
      </div>
      <div>Step skipped
      </div>
              </div>
              <div class="step skip-bg" title="tn.hadda.automationexercise.e2etest.automation.registeruser.RegistrationStepDefinition.iClickCreateAccountButton()">
                <span>And I click Create Account button</span>
      <div>Step skipped
      </div>
              </div>
              <div class="step skip-bg" title="tn.hadda.automationexercise.e2etest.automation.registeruser.RegistrationStepDefinition.aMessageIsVisible(java.lang.String)">
                <span>Then A message 'ACCOUNT CREATED!' is visible</span>
      <div>Step skipped
      </div>
              </div>
              <div class="step skip-bg" title="tn.hadda.automationexercise.e2etest.automation.registeruser.RegistrationStepDefinition.iClickContinueButton()">
                <span>When I click Continue button</span>
      <div>Step skipped
      </div>
              </div>
              <div class="step skip-bg" title="tn.hadda.automationexercise.e2etest.automation.registeruser.RegistrationStepDefinition.isVisible(java.lang.String)">
                <span>Then 'Logged in as Hadda' is visible</span>
      <div>Step skipped
      </div>
              </div>
              <div class="step fail-bg" title="AFTER">
                <span>tn.hadda.automationexercise.e2etest.automation.utils.Setup.embedScreenshot(io.cucumber.java.Scenario)</span>
      <div>
        <textarea disabled class="code-block">org.openqa.selenium.WebDriverException: disconnected: not connected to DevTools
  (failed to check if window was closed: disconnected: not connected to DevTools)
  (Session info: chrome=122.0.6261.95)
Build info: version: '3.141.0', revision: '2ecb7d9a', time: '2018-10-31T20:09:30'
System info: host: 'ZEINEB', ip: '192.168.1.18', os.name: 'Windows 11', os.arch: 'amd64', os.version: '10.0', java.version: '17.0.5'
Driver info: org.openqa.selenium.chrome.ChromeDriver
Capabilities {acceptInsecureCerts: true, browserName: chrome, browserVersion: 122.0.6261.95, chrome: {chromedriverVersion: 121.0.6167.85 (3f98d690ad7e..., userDataDir: C:\Users\zaine\AppData\Loca...}, fedcm:accounts: true, goog:chromeOptions: {debuggerAddress: localhost:57859}, javascriptEnabled: true, networkConnectionEnabled: false, pageLoadStrategy: normal, platform: WINDOWS, platformName: WINDOWS, proxy: Proxy(), setWindowRect: true, strictFileInteractability: false, timeouts: {implicit: 0, pageLoad: 300000, script: 30000}, unhandledPromptBehavior: dismiss and notify, webauthn:extension:credBlob: true, webauthn:extension:largeBlob: true, webauthn:extension:minPinLength: true, webauthn:extension:prf: true, webauthn:virtualAuthenticators: true}
Session ID: 2bb5941de359f8a8f132e719f6519b70
	at java.base/jdk.internal.reflect.NativeConstructorAccessorImpl.newInstance0(Native Method)
	at java.base/jdk.internal.reflect.NativeConstructorAccessorImpl.newInstance(NativeConstructorAccessorImpl.java:77)
	at java.base/jdk.internal.reflect.DelegatingConstructorAccessorImpl.newInstance(DelegatingConstructorAccessorImpl.java:45)
	at java.base/java.lang.reflect.Constructor.newInstanceWithCaller(Constructor.java:499)
	at java.base/java.lang.reflect.Constructor.newInstance(Constructor.java:480)
	at org.openqa.selenium.remote.http.W3CHttpResponseCodec.createException(W3CHttpResponseCodec.java:187)
	at org.openqa.selenium.remote.http.W3CHttpResponseCodec.decode(W3CHttpResponseCodec.java:122)
	at org.openqa.selenium.remote.http.W3CHttpResponseCodec.decode(W3CHttpResponseCodec.java:49)
	at org.openqa.selenium.remote.HttpCommandExecutor.execute(HttpCommandExecutor.java:158)
	at org.openqa.selenium.remote.service.DriverCommandExecutor.execute(DriverCommandExecutor.java:83)
	at org.openqa.selenium.remote.RemoteWebDriver.execute(RemoteWebDriver.java:552)
	at org.openqa.selenium.remote.RemoteWebDriver.execute(RemoteWebDriver.java:609)
	at org.openqa.selenium.remote.RemoteWebDriver.getScreenshotAs(RemoteWebDriver.java:295)
	at tn.hadda.automationexercise.e2etest.automation.utils.Setup.embedScreenshot(Setup.java:32)
</textarea>
      
      </div>
              </div>
          </div>
        </div>
  </div>
  <div class="card">
    <div class="card-header" role="tab">
      <div class="card-title">
        <div class="node" id="47"><span class="badge log fail-bg mr-2">Fail</span>[TC2] Register user with existing email</div>
      </div>
    </div>
        <div class="">
          <div class="card-body">
              <div class="step fail-bg" title="BEFORE">
                <span>tn.hadda.automationexercise.e2etest.automation.utils.Setup.setup()</span>
      <div>
        <textarea disabled class="code-block">org.openqa.selenium.SessionNotCreatedException: session not created: Chrome failed to start: exited normally.
  (chrome not reachable)
  (The process started from chrome location C:\Program Files\Google\Chrome\Application\chrome.exe is no longer running, so ChromeDriver is assuming that Chrome has crashed.)
Build info: version: '3.141.0', revision: '2ecb7d9a', time: '2018-10-31T20:09:30'
System info: host: 'ZEINEB', ip: '192.168.1.18', os.name: 'Windows 11', os.arch: 'amd64', os.version: '10.0', java.version: '17.0.5'
Driver info: driver.version: ChromeDriver
remote stacktrace: 	GetHandleVerifier [0x00007FF6D3945E42+3538674]
	(No symbol) [0x00007FF6D3564C02]
	(No symbol) [0x00007FF6D3415AEB]
	(No symbol) [0x00007FF6D34462C1]
	(No symbol) [0x00007FF6D34421C8]
	(No symbol) [0x00007FF6D34894B9]
	(No symbol) [0x00007FF6D347EE53]
	(No symbol) [0x00007FF6D344F514]
	(No symbol) [0x00007FF6D3450631]
	GetHandleVerifier [0x00007FF6D3976CAD+3738973]
	GetHandleVerifier [0x00007FF6D39CC506+4089270]
	GetHandleVerifier [0x00007FF6D39C4823+4057299]
	GetHandleVerifier [0x00007FF6D3695C49+720121]
	(No symbol) [0x00007FF6D357126F]
	(No symbol) [0x00007FF6D356C304]
	(No symbol) [0x00007FF6D356C432]
	(No symbol) [0x00007FF6D355BD04]
	BaseThreadInitThunk [0x00007FFE5C32257D+29]
	RtlUserThreadStart [0x00007FFE5D3AAA58+40]

	at java.base/jdk.internal.reflect.NativeConstructorAccessorImpl.newInstance0(Native Method)
	at java.base/jdk.internal.reflect.NativeConstructorAccessorImpl.newInstance(NativeConstructorAccessorImpl.java:77)
	at java.base/jdk.internal.reflect.DelegatingConstructorAccessorImpl.newInstance(DelegatingConstructorAccessorImpl.java:45)
	at java.base/java.lang.reflect.Constructor.newInstanceWithCaller(Constructor.java:499)
	at java.base/java.lang.reflect.Constructor.newInstance(Constructor.java:480)
	at org.openqa.selenium.remote.W3CHandshakeResponse.lambda$errorHandler$0(W3CHandshakeResponse.java:62)
	at org.openqa.selenium.remote.HandshakeResponse.lambda$getResponseFunction$0(HandshakeResponse.java:30)
	at org.openqa.selenium.remote.ProtocolHandshake.lambda$createSession$0(ProtocolHandshake.java:123)
	at java.base/java.util.stream.ReferencePipeline$3$1.accept(ReferencePipeline.java:197)
	at java.base/java.util.Spliterators$ArraySpliterator.tryAdvance(Spliterators.java:1002)
	at java.base/java.util.stream.ReferencePipeline.forEachWithCancel(ReferencePipeline.java:129)
	at java.base/java.util.stream.AbstractPipeline.copyIntoWithCancel(AbstractPipeline.java:527)
	at java.base/java.util.stream.AbstractPipeline.copyInto(AbstractPipeline.java:513)
	at java.base/java.util.stream.AbstractPipeline.wrapAndCopyInto(AbstractPipeline.java:499)
	at java.base/java.util.stream.FindOps$FindOp.evaluateSequential(FindOps.java:150)
	at java.base/java.util.stream.AbstractPipeline.evaluate(AbstractPipeline.java:234)
	at java.base/java.util.stream.ReferencePipeline.findFirst(ReferencePipeline.java:647)
	at org.openqa.selenium.remote.ProtocolHandshake.createSession(ProtocolHandshake.java:125)
	at org.openqa.selenium.remote.ProtocolHandshake.createSession(ProtocolHandshake.java:74)
	at org.openqa.selenium.remote.HttpCommandExecutor.execute(HttpCommandExecutor.java:136)
	at org.openqa.selenium.remote.service.DriverCommandExecutor.execute(DriverCommandExecutor.java:83)
	at org.openqa.selenium.remote.RemoteWebDriver.execute(RemoteWebDriver.java:552)
	at org.openqa.selenium.remote.RemoteWebDriver.startSession(RemoteWebDriver.java:213)
	at org.openqa.selenium.remote.RemoteWebDriver.<init>(RemoteWebDriver.java:131)
	at org.openqa.selenium.chrome.ChromeDriver.<init>(ChromeDriver.java:181)
	at org.openqa.selenium.chrome.ChromeDriver.<init>(ChromeDriver.java:168)
	at org.openqa.selenium.chrome.ChromeDriver.<init>(ChromeDriver.java:157)
	at tn.hadda.automationexercise.e2etest.automation.utils.ChromeDriverManager.createDriver(ChromeDriverManager.java:29)
	at tn.hadda.automationexercise.e2etest.automation.utils.DriverManager.getDriver(DriverManager.java:25)
	at tn.hadda.automationexercise.e2etest.automation.utils.Setup.setup(Setup.java:21)
</textarea>
      
      </div>
              </div>
              <div class="step skip-bg" title="tn.hadda.automationexercise.e2etest.automation.registeruser.RegistrationStepDefinition.iNavigateToHomePageForAutomationExercise()">
                <span>Given I navigate to home page for Automation Exercise</span>
      <div>Step skipped
      </div>
              </div>
              <div class="step skip-bg" title="tn.hadda.automationexercise.e2etest.automation.registeruser.RegistrationStepDefinition.iVerifyThatHomePageIsVisibleSuccessfully()">
                <span>And I verify that home page is visible successfully</span>
      <div>Step skipped
      </div>
              </div>
              <div class="step skip-bg" title="tn.hadda.automationexercise.e2etest.automation.registeruser.RegistrationStepDefinition.iClickOnSignupLoginButton()">
                <span>And I click on Signup / Login button</span>
      <div>Step skipped
      </div>
              </div>
              <div class="step skip-bg" title="tn.hadda.automationexercise.e2etest.automation.registeruser.RegistrationStepDefinition.iVerifyIsVisible(java.lang.String)">
                <span>And I Verify 'New User Signup!' is visible</span>
      <div>Step skipped
      </div>
              </div>
              <div class="step skip-bg" title="tn.hadda.automationexercise.e2etest.automation.registeruser.RegistrationStepDefinition.iFillTheName(java.lang.String)">
                <span>When I fill the name "Rima"</span>
      <div>Step skipped
      </div>
              </div>
              <div class="step skip-bg" title="tn.hadda.automationexercise.e2etest.automation.registeruser.RegistrationStepDefinition.iFillEmailAddressAlreadyExist(java.lang.String)">
                <span>And I fill email address already exist "bouchagraouihadda5@gmail.com"</span>
      <div>Step skipped
      </div>
              </div>
              <div class="step skip-bg" title="tn.hadda.automationexercise.e2etest.automation.registeruser.RegistrationStepDefinition.iClickSignupButton()">
                <span>And I click Signup button</span>
      <div>Step skipped
      </div>
              </div>
              <div class="step skip-bg" title="tn.hadda.automationexercise.e2etest.automation.registeruser.RegistrationStepDefinition.anErrorMessageIsVisible(java.lang.String)">
                <span>Then An error message 'Email Address already exist!' is visible</span>
      <div>Step skipped
      </div>
              </div>
              <div class="step fail-bg" title="AFTER">
                <span>tn.hadda.automationexercise.e2etest.automation.utils.Setup.embedScreenshot(io.cucumber.java.Scenario)</span>
      <div>
        <textarea disabled class="code-block">org.openqa.selenium.WebDriverException: disconnected: not connected to DevTools
  (failed to check if window was closed: disconnected: not connected to DevTools)
  (Session info: chrome=122.0.6261.95)
Build info: version: '3.141.0', revision: '2ecb7d9a', time: '2018-10-31T20:09:30'
System info: host: 'ZEINEB', ip: '192.168.1.18', os.name: 'Windows 11', os.arch: 'amd64', os.version: '10.0', java.version: '17.0.5'
Driver info: org.openqa.selenium.chrome.ChromeDriver
Capabilities {acceptInsecureCerts: true, browserName: chrome, browserVersion: 122.0.6261.95, chrome: {chromedriverVersion: 121.0.6167.85 (3f98d690ad7e..., userDataDir: C:\Users\zaine\AppData\Loca...}, fedcm:accounts: true, goog:chromeOptions: {debuggerAddress: localhost:57859}, javascriptEnabled: true, networkConnectionEnabled: false, pageLoadStrategy: normal, platform: WINDOWS, platformName: WINDOWS, proxy: Proxy(), setWindowRect: true, strictFileInteractability: false, timeouts: {implicit: 0, pageLoad: 300000, script: 30000}, unhandledPromptBehavior: dismiss and notify, webauthn:extension:credBlob: true, webauthn:extension:largeBlob: true, webauthn:extension:minPinLength: true, webauthn:extension:prf: true, webauthn:virtualAuthenticators: true}
Session ID: 2bb5941de359f8a8f132e719f6519b70
	at java.base/jdk.internal.reflect.NativeConstructorAccessorImpl.newInstance0(Native Method)
	at java.base/jdk.internal.reflect.NativeConstructorAccessorImpl.newInstance(NativeConstructorAccessorImpl.java:77)
	at java.base/jdk.internal.reflect.DelegatingConstructorAccessorImpl.newInstance(DelegatingConstructorAccessorImpl.java:45)
	at java.base/java.lang.reflect.Constructor.newInstanceWithCaller(Constructor.java:499)
	at java.base/java.lang.reflect.Constructor.newInstance(Constructor.java:480)
	at org.openqa.selenium.remote.http.W3CHttpResponseCodec.createException(W3CHttpResponseCodec.java:187)
	at org.openqa.selenium.remote.http.W3CHttpResponseCodec.decode(W3CHttpResponseCodec.java:122)
	at org.openqa.selenium.remote.http.W3CHttpResponseCodec.decode(W3CHttpResponseCodec.java:49)
	at org.openqa.selenium.remote.HttpCommandExecutor.execute(HttpCommandExecutor.java:158)
	at org.openqa.selenium.remote.service.DriverCommandExecutor.execute(DriverCommandExecutor.java:83)
	at org.openqa.selenium.remote.RemoteWebDriver.execute(RemoteWebDriver.java:552)
	at org.openqa.selenium.remote.RemoteWebDriver.execute(RemoteWebDriver.java:609)
	at org.openqa.selenium.remote.RemoteWebDriver.getScreenshotAs(RemoteWebDriver.java:295)
	at tn.hadda.automationexercise.e2etest.automation.utils.Setup.embedScreenshot(Setup.java:32)
</textarea>
      
      </div>
              </div>
          </div>
        </div>
  </div>
</div>
          </div>
        </li>
      </ul>
    </div>
  </div>
<div class="test-content scrollable">
<div class="test-content-tools">
<ul><li><a class="back-to-test" href="#"><i class="fa fa-arrow-left"></i></a></li></ul>
</div>
<div class="test-content-detail"><div class="detail-body"></div></div>
</div></div>
<div class="test-wrapper row view category-view attributes-view">
<div class="test-list">
<div class="test-list-tools">
<ul class="tools pull-left"><li><a href=""><span class="font-size-14">Category</span></a></li></ul>
<ul class="tools text-right"><li><a href="#"><span class="badge badge-primary">6</span></a></li></ul>
</div>
<div class="test-list-wrapper scrollable">
<ul class="test-list-item">
<li class="test-item">
<div class="test-detail">
<span class="meta">
<span class='badge log badge-danger'>1</span>
</span>
<p class="name">@validlogin</p>
<p class="duration text-sm">1 tests</p>
</div>
<div class="test-contents d-none">
<div class="info">
<h4>@validlogin</h4>
<span status="fail" class='badge log badge-danger'>1 failed</span>
</div>
<table class='table table-sm mt-4'>
<thead>
<tr>
<th class="status-col">Status</th>
<th class="timestamp-col">Timestamp</th>
<th>TestName</th>
</tr>
</thead>
<tbody>
<tr class="tag-test-status" status="fail">
<td><span class="badge log fail-bg">Fail</span></td>
<td>22:48:45 PM</td>
<td>
<a href="#" class="linked" test-id='1' id='2'>[TC1] Login user with correct email and password</a>
<div class="">
<span class="badge badge-default">Login User.[TC1] Login user with correct email and password</span>
</div>
</td>
</tr>
</tbody>
</table>
</div>
</li>
<li class="test-item">
<div class="test-detail">
<span class="meta">
<span class='badge log badge-danger'>1</span>
</span>
<p class="name">@validregister</p>
<p class="duration text-sm">1 tests</p>
</div>
<div class="test-contents d-none">
<div class="info">
<h4>@validregister</h4>
<span status="fail" class='badge log badge-danger'>1 failed</span>
</div>
<table class='table table-sm mt-4'>
<thead>
<tr>
<th class="status-col">Status</th>
<th class="timestamp-col">Timestamp</th>
<th>TestName</th>
</tr>
</thead>
<tbody>
<tr class="tag-test-status" status="fail">
<td><span class="badge log fail-bg">Fail</span></td>
<td>22:49:19 PM</td>
<td>
<a href="#" class="linked" test-id='25' id='26'>[TC1] Register user with valid contact details</a>
<div class="">
<span class="badge badge-default">Register User.[TC1] Register user with valid contact details</span>
</div>
</td>
</tr>
</tbody>
</table>
</div>
</li>
<li class="test-item">
<div class="test-detail">
<span class="meta">
<span class='badge log badge-danger'>1</span>
</span>
<p class="name">@invalidregister</p>
<p class="duration text-sm">1 tests</p>
</div>
<div class="test-contents d-none">
<div class="info">
<h4>@invalidregister</h4>
<span status="fail" class='badge log badge-danger'>1 failed</span>
</div>
<table class='table table-sm mt-4'>
<thead>
<tr>
<th class="status-col">Status</th>
<th class="timestamp-col">Timestamp</th>
<th>TestName</th>
</tr>
</thead>
<tbody>
<tr class="tag-test-status" status="fail">
<td><span class="badge log fail-bg">Fail</span></td>
<td>22:59:21 PM</td>
<td>
<a href="#" class="linked" test-id='25' id='47'>[TC2] Register user with existing email</a>
<div class="">
<span class="badge badge-default">Register User.[TC2] Register user with existing email</span>
</div>
</td>
</tr>
</tbody>
</table>
</div>
</li>
<li class="test-item">
<div class="test-detail">
<span class="meta">
<span class='badge log pass-bg'>1</span>
</span>
<p class="name">@invalidlogin</p>
<p class="duration text-sm">1 tests</p>
</div>
<div class="test-contents d-none">
<div class="info">
<h4>@invalidlogin</h4>
<span status="pass" class='badge log pass-bg'>1 passed</span>
</div>
<table class='table table-sm mt-4'>
<thead>
<tr>
<th class="status-col">Status</th>
<th class="timestamp-col">Timestamp</th>
<th>TestName</th>
</tr>
</thead>
<tbody>
<tr class="tag-test-status" status="pass">
<td><span class="badge log pass-bg">Pass</span></td>
<td>22:49:09 PM</td>
<td>
<a href="#" class="linked" test-id='1' id='14'>[TC2] Login user with incorrect email and password</a>
<div class="">
<span class="badge badge-default">Login User.[TC2] Login user with incorrect email and password</span>
</div>
</td>
</tr>
</tbody>
</table>
</div>
</li>
<li class="test-item">
<div class="test-detail">
<span class="meta">
<span class='badge log badge-danger'>2</span>
</span>
<p class="name">@regression</p>
<p class="duration text-sm">2 tests</p>
</div>
<div class="test-contents d-none">
<div class="info">
<h4>@regression</h4>
<span status="fail" class='badge log badge-danger'>2 failed</span>
</div>
<table class='table table-sm mt-4'>
<thead>
<tr>
<th class="status-col">Status</th>
<th class="timestamp-col">Timestamp</th>
<th>TestName</th>
</tr>
</thead>
<tbody>
<tr class="tag-test-status" status="fail">
<td><span class="badge log fail-bg">Fail</span></td>
<td>22:49:19 PM</td>
<td>
<a href="#" class="linked" test-id='25' id='26'>[TC1] Register user with valid contact details</a>
<div class="">
<span class="badge badge-default">Register User.[TC1] Register user with valid contact details</span>
</div>
</td>
</tr>
<tr class="tag-test-status" status="fail">
<td><span class="badge log fail-bg">Fail</span></td>
<td>22:59:21 PM</td>
<td>
<a href="#" class="linked" test-id='25' id='47'>[TC2] Register user with existing email</a>
<div class="">
<span class="badge badge-default">Register User.[TC2] Register user with existing email</span>
</div>
</td>
</tr>
</tbody>
</table>
</div>
</li>
<li class="test-item">
<div class="test-detail">
<span class="meta">
<span class='badge log pass-bg'>1</span>
<span class='badge log badge-danger'>1</span>
</span>
<p class="name">@smoke</p>
<p class="duration text-sm">2 tests</p>
</div>
<div class="test-contents d-none">
<div class="info">
<h4>@smoke</h4>
<span status="pass" class='badge log pass-bg'>1 passed</span>
<span status="fail" class='badge log badge-danger'>1 failed</span>
</div>
<table class='table table-sm mt-4'>
<thead>
<tr>
<th class="status-col">Status</th>
<th class="timestamp-col">Timestamp</th>
<th>TestName</th>
</tr>
</thead>
<tbody>
<tr class="tag-test-status" status="fail">
<td><span class="badge log fail-bg">Fail</span></td>
<td>22:48:45 PM</td>
<td>
<a href="#" class="linked" test-id='1' id='2'>[TC1] Login user with correct email and password</a>
<div class="">
<span class="badge badge-default">Login User.[TC1] Login user with correct email and password</span>
</div>
</td>
</tr>
<tr class="tag-test-status" status="pass">
<td><span class="badge log pass-bg">Pass</span></td>
<td>22:49:09 PM</td>
<td>
<a href="#" class="linked" test-id='1' id='14'>[TC2] Login user with incorrect email and password</a>
<div class="">
<span class="badge badge-default">Login User.[TC2] Login user with incorrect email and password</span>
</div>
</td>
</tr>
</tbody>
</table>
</div>
</li>
</ul>
</div>
</div>
<div class="test-content scrollable">
<div class="test-content-detail">
<div class="detail-body"></div>
</div>
</div>
</div><div class="test-wrapper row view exception-view attributes-view">
<div class="test-list">
<div class="test-list-tools">
<ul class="tools pull-left"><li><a href=""><span class="font-size-14">Exception</span></a></li></ul>
<ul class="tools text-right"><li><a href="#"><span class="badge badge-primary">3</span></a></li></ul>
</div>
<div class="test-list-wrapper scrollable">
<ul class="test-list-item">
<li class="test-item">
<div class="test-detail">
<span class="meta">
<span class='badge log badge-danger'>1</span>
</span>
<p class="name">org.openqa.selenium.TimeoutException</p>
<p class="duration text-sm">1 tests</p>
</div>
<div class="test-contents d-none">
<div class="info">
<h4>org.openqa.selenium.TimeoutException</h4>
<span status="fail" class='badge log badge-danger'>1 failed</span>
</div>
<table class='table table-sm mt-4'>
<thead>
<tr>
<th class="status-col">Status</th>
<th class="timestamp-col">Timestamp</th>
<th>TestName</th>
</tr>
</thead>
<tbody>
<tr class="tag-test-status" status="fail">
<td><span class="badge log fail-bg">Fail</span></td>
<td>22:49:03 PM</td>
<td>
<a href="#" class="linked" test-id='1' id='12'>Then I verify that the message of delete 'ACCOUNT DELETED!' is visible</a>
<div class="">
<span class="badge badge-default">Login User.[TC1] Login user with correct email and password.Then I verify that the message of delete 'ACCOUNT DELETED!' is visible</span>
</div>
</td>
</tr>
</tbody>
</table>
</div>
</li>
<li class="test-item">
<div class="test-detail">
<span class="meta">
<span class='badge log badge-danger'>1</span>
</span>
<p class="name">org.openqa.selenium.SessionNotCreatedException</p>
<p class="duration text-sm">1 tests</p>
</div>
<div class="test-contents d-none">
<div class="info">
<h4>org.openqa.selenium.SessionNotCreatedException</h4>
<span status="fail" class='badge log badge-danger'>1 failed</span>
</div>
<table class='table table-sm mt-4'>
<thead>
<tr>
<th class="status-col">Status</th>
<th class="timestamp-col">Timestamp</th>
<th>TestName</th>
</tr>
</thead>
<tbody>
<tr class="tag-test-status" status="fail">
<td><span class="badge log fail-bg">Fail</span></td>
<td>22:59:21 PM</td>
<td>
<a href="#" class="linked" test-id='25' id='48'>tn.hadda.automationexercise.e2etest.automation.utils.Setup.setup()</a>
<div class="">
<span class="badge badge-default">Register User.[TC2] Register user with existing email.tn.hadda.automationexercise.e2etest.automation.utils.Setup.setup()</span>
</div>
</td>
</tr>
</tbody>
</table>
</div>
</li>
<li class="test-item">
<div class="test-detail">
<span class="meta">
<span class='badge log badge-danger'>3</span>
</span>
<p class="name">org.openqa.selenium.WebDriverException</p>
<p class="duration text-sm">3 tests</p>
</div>
<div class="test-contents d-none">
<div class="info">
<h4>org.openqa.selenium.WebDriverException</h4>
<span status="fail" class='badge log badge-danger'>3 failed</span>
</div>
<table class='table table-sm mt-4'>
<thead>
<tr>
<th class="status-col">Status</th>
<th class="timestamp-col">Timestamp</th>
<th>TestName</th>
</tr>
</thead>
<tbody>
<tr class="tag-test-status" status="fail">
<td><span class="badge log fail-bg">Fail</span></td>
<td>22:49:27 PM</td>
<td>
<a href="#" class="linked" test-id='25' id='34'>And I click Signup button</a>
<div class="">
<span class="badge badge-default">Register User.[TC1] Register user with valid contact details.And I click Signup button</span>
</div>
</td>
</tr>
<tr class="tag-test-status" status="fail">
<td><span class="badge log fail-bg">Fail</span></td>
<td>22:59:21 PM</td>
<td>
<a href="#" class="linked" test-id='25' id='46'>tn.hadda.automationexercise.e2etest.automation.utils.Setup.embedScreenshot(io.cucumber.java.Scenario)</a>
<div class="">
<span class="badge badge-default">Register User.[TC1] Register user with valid contact details.tn.hadda.automationexercise.e2etest.automation.utils.Setup.embedScreenshot(io.cucumber.java.Scenario)</span>
</div>
</td>
</tr>
<tr class="tag-test-status" status="fail">
<td><span class="badge log fail-bg">Fail</span></td>
<td>22:59:25 PM</td>
<td>
<a href="#" class="linked" test-id='25' id='57'>tn.hadda.automationexercise.e2etest.automation.utils.Setup.embedScreenshot(io.cucumber.java.Scenario)</a>
<div class="">
<span class="badge badge-default">Register User.[TC2] Register user with existing email.tn.hadda.automationexercise.e2etest.automation.utils.Setup.embedScreenshot(io.cucumber.java.Scenario)</span>
</div>
</td>
</tr>
</tbody>
</table>
</div>
</li>
</ul>
</div>
</div>
<div class="test-content scrollable">
<div class="test-content-detail">
<div class="detail-body"></div>
</div>
</div>
</div>        </div>
      </div>
    </div>
  </div>
<script src="https://cdn.jsdelivr.net/gh/extent-framework/extent-github-cdn@d6562a79075e061305ccfdb82f01e5e195e2d307/spark/js/spark-script.js"></script>
<script type="text/javascript"></script></body>
</html>